"dos mas dos son 28" | cadena
; | FinSentencia
&& | OperadorLogico
& | Caracter
|| | OperadorLogico
| | Caracter
! | OperadorLogico
! | OperadorLogico
!= | OperadorRelacional
> | OperadorRelacional
>= | OperadorRelacional
< | OperadorRelacional
<= | OperadorRelacional
== | OperadorRelacional
Area | Identicador
= | Asignacion
( | Caracter
radio | Identicador
* | OperadorFactor
radio | Identicador
) | Caracter
* | OperadorFactor
3.141592 | Numero
* | OperadorFactor
h | Identicador
; | FinSentencia
Contar | Identicador
+= | IncrementoTermino
1 | Numero
; | FinSentencia
++ | IncrementoTermino
+ | OperadorTermino
-- | IncrementoTermino
- | OperadorTermino
? | OperadorTernario
