"dos mas dos son 28" | cadena
; | FinSentencia
350 | Numero
350.895 | Numero
350E-46 | Numero
350E46 | Numero
356E+46 | Numero
350.895E-46 | Numero
350.895E+46 | Numero
350.895E46 | Numero
? | OperadorTernario
++ | OperadorTermino
+ | OperadorTermino
-- | OperadorTermino
- | OperadorTermino
&& | OperadorLogico
& | Caracter
|| | OperadorLogico
| | Caracter
! | OperadorLogico
! | OperadorLogico
!= | OperadorRelacional
> | OperadorRelacional
>= | OperadorRelacional
< | OperadorRelacional
<= | OperadorRelacional
== | OperadorRelacional
Area | Identicador
= | Asignacion
( | Caracter
radio | Identicador
* | OperadorFactor
radio | Identicador
) | Caracter
* | OperadorFactor
3.141592 | Numero
* | OperadorFactor
h | Identicador
; | FinSentencia
Contar | Identicador
+= | OperadorTermino
1 | Numero
; | FinSentencia
