Primer constructor
Archivo: prueba.cpp
Compilado:  23/05/2022 03:19:07 p. m.
# | caracter
include | identificador
< | operador_relacional
iostream | identificador
> | operador_relacional
# | caracter
include | identificador
< | operador_relacional
stdio | identificador
. | caracter
h | identificador
> | operador_relacional
# | caracter
include | identificador
< | operador_relacional
conio | identificador
. | caracter
h | identificador
> | operador_relacional
float | tipo_datos
resultado | identificador
; | fin_sentencia
int | tipo_datos
a | identificador
, | caracter
b | identificador
, | caracter
c | identificador
, | caracter
d | identificador
; | fin_sentencia
char | tipo_datos
opcion | identificador
; | fin_sentencia
float | tipo_datos
radio | identificador
, | caracter
altura | identificador
, | caracter
x | identificador
; | fin_sentencia
void | identificador
main | identificador
( | caracter
) | caracter
{ | caracter
printf | identificador
( | caracter
"radio: " | cadena
) | caracter
; | fin_sentencia
scanf | identificador
( | caracter
"%f" | cadena
) | caracter
; | fin_sentencia
printf | identificador
( | caracter
"altura: " | cadena
) | caracter
; | fin_sentencia
scanf | identificador
( | caracter
"%f" | cadena
) | caracter
; | fin_sentencia
printf | identificador
( | caracter
"volumen: " | cadena
) | caracter
; | fin_sentencia
if | condicion
( | caracter
radio | identificador
+ | operador_termino
10 | numero
> | operador_relacional
altura | identificador
* | operador_factor
200 | numero
) | caracter
{ | caracter
printf | identificador
( | caracter
"hola" | cadena
) | caracter
; | fin_sentencia
if | condicion
( | caracter
1 | numero
== | operador_relacional
1 | numero
) | caracter
{ | caracter
while | ciclo
( | caracter
4 | numero
== | operador_relacional
4 | numero
) | caracter
do | ciclo
{ | caracter
a | identificador
= | asignacion
0 | numero
; | fin_sentencia
} | caracter
while | ciclo
( | caracter
6 | numero
== | operador_relacional
6 | numero
) | caracter
; | fin_sentencia
} | caracter
else | condicion
if | condicion
( | caracter
2 | numero
== | operador_relacional
2.0 | numero
) | caracter
{ | caracter
b | identificador
= | asignacion
"hola mundo" | cadena
; | fin_sentencia
x | identificador
= | asignacion
( | caracter
3 | numero
+ | operador_termino
5 | numero
) | caracter
* | operador_factor
8 | numero
- | operador_termino
( | caracter
10 | numero
- | operador_termino
4 | numero
) | caracter
/ | operador_factor
c | identificador
; | fin_sentencia
} | caracter
else | condicion
if | condicion
( | caracter
3 | numero
== | operador_relacional
3 | numero
) | caracter
{ | caracter
c | identificador
= | asignacion
a | identificador
; | fin_sentencia
} | caracter
else | condicion
scanf | identificador
( | caracter
"%f" | cadena
) | caracter
; | fin_sentencia
} | caracter
c | identificador
= | asignacion
a | identificador
+ | operador_termino
( | caracter
b | identificador
+ | operador_termino
c | identificador
) | caracter
; | fin_sentencia
c | identificador
= | asignacion
a | identificador
+ | operador_termino
b | identificador
* | operador_factor
c | identificador
; | fin_sentencia
b | identificador
= | asignacion
"Hello world" | cadena
; | fin_sentencia
